
<html>
  <head>
    <title>Lab 10 - Graded Solution</title>
  </head>
  <body>
    <h1>Lab 10 - Graded Solution</h1>
    <p><b>You scored 0% = 0.0 points for this lab.</b></p>
    <ul>
      <li><b>test_ll_fix_simple</b>
      <ul>
      <li>Grade Percentage: 10</li>
      <li>Your solution failed this test case! taking 0.092 sec</Li>
<li><pre>AttributeError: 'Node' object has no attribute 'balance_factor'</pre></li>
<li><pre>Traceback (most recent call last):
  File "/Users/lord_pretzel/.pyenv/versions/3.7.4/lib/python3.7/site-packages/grader-0.0.1-py3.7.egg/grader/execution_base.py", line 63, in call_test_function
    **pre_hook_info["extra_kwargs"]
  File "/Users/lord_pretzel/.pyenv/versions/3.7.4/lib/python3.7/site-packages/grader-0.0.1-py3.7.egg/grader/core.py", line 48, in wrapper
    result = test_function(module, *args, **kwargs)
  File "/var/folders/f7/xnz8v_b13td37s3k4w8t5j2h0000gn/T/tmp7oqr9w1n/lab10-test.py", line 29, in test_ll_fix_simple
    t.add(x)
  File "<tested-program>", line 66, in add
  File "<tested-program>", line 63, in loc
  File "<tested-program>", line 37, in rebalance
AttributeError: 'Node' object has no attribute 'balance_factor'
</pre></li>
      </ul>
      </li>
      <li><b>test_rr_fix_simple</b>
      <ul>
      <li>Grade Percentage: 10</li>
      <li>Your solution failed this test case! taking 0.088 sec</Li>
<li><pre>AttributeError: 'Node' object has no attribute 'balance_factor'</pre></li>
<li><pre>Traceback (most recent call last):
  File "/Users/lord_pretzel/.pyenv/versions/3.7.4/lib/python3.7/site-packages/grader-0.0.1-py3.7.egg/grader/execution_base.py", line 63, in call_test_function
    **pre_hook_info["extra_kwargs"]
  File "/Users/lord_pretzel/.pyenv/versions/3.7.4/lib/python3.7/site-packages/grader-0.0.1-py3.7.egg/grader/core.py", line 48, in wrapper
    result = test_function(module, *args, **kwargs)
  File "/var/folders/f7/xnz8v_b13td37s3k4w8t5j2h0000gn/T/tmp7mn47_gn/lab10-test.py", line 43, in test_rr_fix_simple
    t.add(x)
  File "<tested-program>", line 66, in add
  File "<tested-program>", line 63, in loc
  File "<tested-program>", line 37, in rebalance
AttributeError: 'Node' object has no attribute 'balance_factor'
</pre></li>
      </ul>
      </li>
      <li><b>test_lr_fix_simple</b>
      <ul>
      <li>Grade Percentage: 10</li>
      <li>Your solution failed this test case! taking 0.094 sec</Li>
<li><pre>AttributeError: 'Node' object has no attribute 'balance_factor'</pre></li>
<li><pre>Traceback (most recent call last):
  File "/Users/lord_pretzel/.pyenv/versions/3.7.4/lib/python3.7/site-packages/grader-0.0.1-py3.7.egg/grader/execution_base.py", line 63, in call_test_function
    **pre_hook_info["extra_kwargs"]
  File "/Users/lord_pretzel/.pyenv/versions/3.7.4/lib/python3.7/site-packages/grader-0.0.1-py3.7.egg/grader/core.py", line 48, in wrapper
    result = test_function(module, *args, **kwargs)
  File "/var/folders/f7/xnz8v_b13td37s3k4w8t5j2h0000gn/T/tmp76i_hj54/lab10-test.py", line 57, in test_lr_fix_simple
    t.add(x)
  File "<tested-program>", line 66, in add
  File "<tested-program>", line 63, in loc
  File "<tested-program>", line 37, in rebalance
AttributeError: 'Node' object has no attribute 'balance_factor'
</pre></li>
      </ul>
      </li>
      <li><b>test_rl_fix_simple</b>
      <ul>
      <li>Grade Percentage: 10</li>
      <li>Your solution failed this test case! taking 0.095 sec</Li>
<li><pre>AttributeError: 'Node' object has no attribute 'balance_factor'</pre></li>
<li><pre>Traceback (most recent call last):
  File "/Users/lord_pretzel/.pyenv/versions/3.7.4/lib/python3.7/site-packages/grader-0.0.1-py3.7.egg/grader/execution_base.py", line 63, in call_test_function
    **pre_hook_info["extra_kwargs"]
  File "/Users/lord_pretzel/.pyenv/versions/3.7.4/lib/python3.7/site-packages/grader-0.0.1-py3.7.egg/grader/core.py", line 48, in wrapper
    result = test_function(module, *args, **kwargs)
  File "/var/folders/f7/xnz8v_b13td37s3k4w8t5j2h0000gn/T/tmpx54ho7_n/lab10-test.py", line 71, in test_rl_fix_simple
    t.add(x)
  File "<tested-program>", line 66, in add
  File "<tested-program>", line 63, in loc
  File "<tested-program>", line 37, in rebalance
AttributeError: 'Node' object has no attribute 'balance_factor'
</pre></li>
      </ul>
      </li>
      <li><b>test_key_order_after_ops</b>
      <ul>
      <li>Grade Percentage: 30</li>
      <li>Your solution failed this test case! taking 0.089 sec</Li>
<li><pre>AttributeError: 'Node' object has no attribute 'balance_factor'</pre></li>
<li><pre>Traceback (most recent call last):
  File "/Users/lord_pretzel/.pyenv/versions/3.7.4/lib/python3.7/site-packages/grader-0.0.1-py3.7.egg/grader/execution_base.py", line 63, in call_test_function
    **pre_hook_info["extra_kwargs"]
  File "/Users/lord_pretzel/.pyenv/versions/3.7.4/lib/python3.7/site-packages/grader-0.0.1-py3.7.egg/grader/core.py", line 48, in wrapper
    result = test_function(module, *args, **kwargs)
  File "/var/folders/f7/xnz8v_b13td37s3k4w8t5j2h0000gn/T/tmpubmssr5k/lab10-test.py", line 86, in test_key_order_after_ops
    t.add(x)
  File "<tested-program>", line 66, in add
  File "<tested-program>", line 63, in loc
  File "<tested-program>", line 37, in rebalance
AttributeError: 'Node' object has no attribute 'balance_factor'
</pre></li>
      </ul>
      </li>
      <li><b>test_stress_testing</b>
      <ul>
      <li>Grade Percentage: 30</li>
      <li>Your solution failed this test case! taking 0.095 sec</Li>
<li><pre>AttributeError: 'Node' object has no attribute 'balance_factor'</pre></li>
<li><pre>Traceback (most recent call last):
  File "/Users/lord_pretzel/.pyenv/versions/3.7.4/lib/python3.7/site-packages/grader-0.0.1-py3.7.egg/grader/execution_base.py", line 63, in call_test_function
    **pre_hook_info["extra_kwargs"]
  File "/Users/lord_pretzel/.pyenv/versions/3.7.4/lib/python3.7/site-packages/grader-0.0.1-py3.7.egg/grader/core.py", line 48, in wrapper
    result = test_function(module, *args, **kwargs)
  File "/var/folders/f7/xnz8v_b13td37s3k4w8t5j2h0000gn/T/tmptbhv217k/lab10-test.py", line 111, in test_stress_testing
    t.add(vals[i])
  File "<tested-program>", line 66, in add
  File "<tested-program>", line 63, in loc
  File "<tested-program>", line 37, in rebalance
AttributeError: 'Node' object has no attribute 'balance_factor'
</pre></li>
      </ul>
      </li>
    </ul>
  </body>
</html>
